c:\users\fabian.loayza\documents\esqueleto\practicas\esqueleto\debug\game.pch
c:\users\fabian.loayza\documents\esqueleto\practicas\esqueleto\debug\vc141.pdb
c:\users\fabian.loayza\documents\esqueleto\practicas\esqueleto\debug\vc141.idb
c:\users\fabian.loayza\documents\esqueleto\practicas\esqueleto\debug\stdafx.obj
c:\users\fabian.loayza\documents\esqueleto\practicas\esqueleto\debug\character.obj
c:\users\fabian.loayza\documents\esqueleto\practicas\esqueleto\debug\gameconfig.obj
c:\users\fabian.loayza\documents\esqueleto\practicas\esqueleto\debug\folderwatcher-win.obj
c:\users\fabian.loayza\documents\esqueleto\practicas\esqueleto\debug\gluthost.obj
c:\users\fabian.loayza\documents\esqueleto\practicas\esqueleto\debug\gluthostmain.obj
c:\users\fabian.loayza\documents\esqueleto\practicas\esqueleto\debug\particlepresets.obj
c:\users\fabian.loayza\documents\esqueleto\practicas\esqueleto\debug\params.obj
c:\users\fabian.loayza\documents\esqueleto\practicas\esqueleto\debug\seeksteering.obj
c:\users\fabian.loayza\documents\git\ia\debug\vc141.pdb
c:\users\fabian.loayza\documents\git\ia\debug\vc141.idb
c:\users\fabian.loayza\documents\esqueleto\practicas\esqueleto\bin\win32\debug\game.exe
c:\users\fabian.loayza\documents\esqueleto\practicas\esqueleto\bin\win32\debug\game.ilk
c:\users\fabian.loayza\documents\esqueleto\practicas\esqueleto\bin\win32\debug\game.pdb
c:\users\fabian.loayza\documents\git\ia\debug\character.obj
c:\users\fabian.loayza\documents\git\ia\debug\folderwatcher-win.obj
c:\users\fabian.loayza\documents\git\ia\debug\gameconfig.obj
c:\users\fabian.loayza\documents\git\ia\debug\gluthost.obj
c:\users\fabian.loayza\documents\git\ia\debug\gluthostmain.obj
c:\users\fabian.loayza\documents\git\ia\debug\params.obj
c:\users\fabian.loayza\documents\git\ia\debug\particlepresets.obj
c:\users\fabian.loayza\documents\git\ia\debug\seeksteering.obj
c:\users\fabian.loayza\documents\git\ia\.\bin\win32\debug\game.exe
c:\users\fabian.loayza\documents\git\ia\debug\game.tlog\cl.command.1.tlog
c:\users\fabian.loayza\documents\git\ia\debug\game.tlog\cl.read.1.tlog
c:\users\fabian.loayza\documents\git\ia\debug\game.tlog\cl.write.1.tlog
c:\users\fabian.loayza\documents\git\ia\debug\game.tlog\link.command.1.tlog
c:\users\fabian.loayza\documents\git\ia\debug\game.tlog\link.read.1.tlog
c:\users\fabian.loayza\documents\git\ia\debug\game.tlog\link.write.1.tlog
